<?xml version="1.0" encoding="UTF-8"?>
<!-- Generated by org.testng.reporters.JUnitXMLReporter -->
<testsuite hostname="LAPTOP-7HUNRUID" ignored="0" name="Surefire test" tests="2" failures="0" timestamp="2020-04-20T09:41:01 BST" time="180.423" errors="0">
  <testcase name="verifyThatSameDestinationFlightsInSearchFields" time="134.277" classname="co.uk.expedia.testsuite.FlightTest"/>
  <testcase name="verifyErrorMessageIsDisplayed" time="8.358" classname="co.uk.expedia.testsuite.LoginTest"/>
</testsuite> <!-- Surefire test -->
