<?xml version="1.0" encoding="UTF-8"?>
<testng-results skipped="0" failed="0" ignored="0" total="2" passed="2">
  <reporter-output>
    <line>
      <![CDATA[Launching Chrome Browser]]>
    </line>
    <line>
      <![CDATA[Clicking on Accept Tab : [[ChromeDriver: chrome on WINDOWS (00d59c751133a6eb43f711c1a422e62b)] -> xpath: //span[@class='button-text']]<br>]]>
    </line>
    <line>
      <![CDATA[Clicking on Flights Tab : [[ChromeDriver: chrome on WINDOWS (00d59c751133a6eb43f711c1a422e62b)] -> xpath: //span[contains(text(),'Flights')]]<br>]]>
    </line>
    <line>
      <![CDATA[Entering Origin City : Delhi On Flying from field [[ChromeDriver: chrome on WINDOWS (00d59c751133a6eb43f711c1a422e62b)] -> xpath: //input[@id='flight-origin-hp-flight']]<br>]]>
    </line>
    <line>
      <![CDATA[Entering Destination City : Brisbane On Destination field [[ChromeDriver: chrome on WINDOWS (00d59c751133a6eb43f711c1a422e62b)] -> xpath: //input[@id='flight-origin-hp-flight']]<br>]]>
    </line>
    <line>
      <![CDATA[Entering Departure date : 07/05/2020 Departing Date [[ChromeDriver: chrome on WINDOWS (00d59c751133a6eb43f711c1a422e62b)] -> xpath: //input[@id='flight-departing-hp-flight']]<br>]]>
    </line>
    <line>
      <![CDATA[Entering Returning date : 21/05/2020 Returning Date [[ChromeDriver: chrome on WINDOWS (00d59c751133a6eb43f711c1a422e62b)] -> xpath: //input[@id='flight-returning-hp-flight']]<br>]]>
    </line>
    <line>
      <![CDATA[Clicking  on Travellers Button : [[ChromeDriver: chrome on WINDOWS (00d59c751133a6eb43f711c1a422e62b)] -> xpath: //div[@class='menu-bar gcw-travel-selector-wrapper']//button[@class='trigger-utility menu-trigger btn-utility btn-secondary dropdown-toggle theme-standard pin-left menu-arrow gcw-component gcw-traveler-amount-select gcw-component-initialized']]<br>]]>
    </line>
    <line>
      <![CDATA[Clicking  on No of Adults Button  : [[ChromeDriver: chrome on WINDOWS (00d59c751133a6eb43f711c1a422e62b)] -> xpath: //body[contains(@class,'')]/meso-native-marquee/section[@id='WizardHero']/div[@id='hero-banner']/div[contains(@class,'hero-banner-gradient native-marquee')]/div[contains(@class,'cols-row hero-banner-inner')]/section[@id='wizardSection']/div[contains(@class,'hero-banner-box siteId-3 cf hideClassicDcol')]/div[@id='wizard-tabs']/div[contains(@class,'tabs-container col')]/section[@id='section-flight-tab-hp']/form[@id='gcw-flights-form-hp-flight']/fieldset[contains(@class,'room-data')]/div[contains(@class,'cols-nested')]/div[contains(@class,'ab25184-traveler-wrapper-flight available-for-flights gcw-clear-both')]/div[@id='traveler-selector-hp-flight']/div[contains(@class,'menu-bar gcw-travel-selector-wrapper')]/ul[contains(@class,'menu-bar-inner')]/li[contains(@class,'open')]/div[contains(@class,'menu sticky gcw-menu')]/div[contains(@class,'menu-main')]/div[contains(@class,'traveler-selector-sinlge-room-data traveler-selector-room-data')]/div[contains(@class,'uitk-grid step-input-outside gcw-component gcw-component-step-input gcw-step-input gcw-component-initialized')]/div[contains(@class,'uitk-col all-col-shrink')]/button[contains(@class,'uitk-step-input-button uitk-step-input-plus')]/span[1]//*[local-name()='svg']]<br>]]>
    </line>
    <line>
      <![CDATA[Clicking  on Close Button  : [[ChromeDriver: chrome on WINDOWS (00d59c751133a6eb43f711c1a422e62b)] -> xpath: //li[contains(@class,'open')]//button[contains(@class,'close btn-text')]]<br>]]>
    </line>
    <line>
      <![CDATA[Clicking  on Seacrch Button   : [[ChromeDriver: chrome on WINDOWS (00d59c751133a6eb43f711c1a422e62b)] -> xpath: //form[@id='gcw-flights-form-hp-flight']//button[contains(@class,'btn-primary btn-action gcw-submit')]]<br>]]>
    </line>
    <line>
      <![CDATA[Verify Destination City Message  : [[ChromeDriver: chrome on WINDOWS (00d59c751133a6eb43f711c1a422e62b)] -> xpath: //span[@class='title-city-text']]<br>]]>
    </line>
    <line>
      <![CDATA[Launching Chrome Browser]]>
    </line>
    <line>
      <![CDATA[Clicking on Accept Tab : [[ChromeDriver: chrome on WINDOWS (9de71967371b9ed7e85cd120bece3a22)] -> xpath: //span[@class='button-text']]<br>]]>
    </line>
    <line>
      <![CDATA[Clicking on Account Tab : [[ChromeDriver: chrome on WINDOWS (9de71967371b9ed7e85cd120bece3a22)] -> xpath: //button[@id='header-account-menu']]<br>]]>
    </line>
    <line>
      <![CDATA[Clicking on Sign In Tab : [[ChromeDriver: chrome on WINDOWS (9de71967371b9ed7e85cd120bece3a22)] -> xpath: //button[@id='header-account-signin-button']]<br>]]>
    </line>
    <line>
      <![CDATA[Entering Email Id : Roger@gmail.com [[ChromeDriver: chrome on WINDOWS (9de71967371b9ed7e85cd120bece3a22)] -> id: gss-signin-email]<br>]]>
    </line>
    <line>
      <![CDATA[Entering Password  : Roger123 [[ChromeDriver: chrome on WINDOWS (9de71967371b9ed7e85cd120bece3a22)] -> id: gss-signin-password]<br>]]>
    </line>
    <line>
      <![CDATA[Clicking on Sign In Button  : [[ChromeDriver: chrome on WINDOWS (9de71967371b9ed7e85cd120bece3a22)] -> id: gss-signin-submit]<br>]]>
    </line>
    <line>
      <![CDATA[Verify Error Message  : You may have entered an unknown email address or an incorrect password [[ChromeDriver: chrome on WINDOWS (9de71967371b9ed7e85cd120bece3a22)] -> id: gss-signin-incorrect-email-or-password]<br>]]>
    </line>
    <line>
      <![CDATA[Verify Error Message  : You may have entered an unknown email address or an incorrect password [[ChromeDriver: chrome on WINDOWS (9de71967371b9ed7e85cd120bece3a22)] -> id: gss-signin-incorrect-email-or-password]<br>]]>
    </line>
  </reporter-output>
  <suite name="Surefire suite" duration-ms="180423" started-at="2020-04-20T09:38:00 BST" finished-at="2020-04-20T09:41:01 BST">
    <groups>
      <group name="regression">
        <method signature="FlightTest.verifyThatSameDestinationFlightsInSearchFields()[pri:0, instance:co.uk.expedia.testsuite.FlightTest@1b68ddbd]" name="verifyThatSameDestinationFlightsInSearchFields" class="co.uk.expedia.testsuite.FlightTest"/>
        <method signature="LoginTest.verifyErrorMessageIsDisplayed()[pri:0, instance:co.uk.expedia.testsuite.LoginTest@646d64ab]" name="verifyErrorMessageIsDisplayed" class="co.uk.expedia.testsuite.LoginTest"/>
      </group> <!-- regression -->
    </groups>
    <test name="Surefire test" duration-ms="180423" started-at="2020-04-20T09:38:00 BST" finished-at="2020-04-20T09:41:01 BST">
      <class name="co.uk.expedia.testsuite.LoginTest">
        <test-method status="PASS" signature="openBrowser()[pri:0, instance:co.uk.expedia.testsuite.LoginTest@646d64ab]" name="openBrowser" is-config="true" duration-ms="17831" started-at="2020-04-20T09:40:35 BST" finished-at="2020-04-20T09:40:52 BST">
          <reporter-output>
            <line>
              <![CDATA[Launching Chrome Browser]]>
            </line>
          </reporter-output>
        </test-method> <!-- openBrowser -->
        <test-method status="PASS" signature="setUpMethod()[pri:0, instance:co.uk.expedia.testsuite.LoginTest@646d64ab]" name="setUpMethod" is-config="true" duration-ms="12" started-at="2020-04-20T09:40:52 BST" finished-at="2020-04-20T09:40:52 BST">
          <reporter-output>
          </reporter-output>
        </test-method> <!-- setUpMethod -->
        <test-method status="PASS" signature="verifyErrorMessageIsDisplayed()[pri:0, instance:co.uk.expedia.testsuite.LoginTest@646d64ab]" name="verifyErrorMessageIsDisplayed" duration-ms="8358" started-at="2020-04-20T09:40:52 BST" finished-at="2020-04-20T09:41:01 BST">
          <reporter-output>
            <line>
              <![CDATA[Clicking on Accept Tab : [[ChromeDriver: chrome on WINDOWS (9de71967371b9ed7e85cd120bece3a22)] -> xpath: //span[@class='button-text']]<br>]]>
            </line>
            <line>
              <![CDATA[Clicking on Account Tab : [[ChromeDriver: chrome on WINDOWS (9de71967371b9ed7e85cd120bece3a22)] -> xpath: //button[@id='header-account-menu']]<br>]]>
            </line>
            <line>
              <![CDATA[Clicking on Sign In Tab : [[ChromeDriver: chrome on WINDOWS (9de71967371b9ed7e85cd120bece3a22)] -> xpath: //button[@id='header-account-signin-button']]<br>]]>
            </line>
            <line>
              <![CDATA[Entering Email Id : Roger@gmail.com [[ChromeDriver: chrome on WINDOWS (9de71967371b9ed7e85cd120bece3a22)] -> id: gss-signin-email]<br>]]>
            </line>
            <line>
              <![CDATA[Entering Password  : Roger123 [[ChromeDriver: chrome on WINDOWS (9de71967371b9ed7e85cd120bece3a22)] -> id: gss-signin-password]<br>]]>
            </line>
            <line>
              <![CDATA[Clicking on Sign In Button  : [[ChromeDriver: chrome on WINDOWS (9de71967371b9ed7e85cd120bece3a22)] -> id: gss-signin-submit]<br>]]>
            </line>
            <line>
              <![CDATA[Verify Error Message  : You may have entered an unknown email address or an incorrect password [[ChromeDriver: chrome on WINDOWS (9de71967371b9ed7e85cd120bece3a22)] -> id: gss-signin-incorrect-email-or-password]<br>]]>
            </line>
            <line>
              <![CDATA[Verify Error Message  : You may have entered an unknown email address or an incorrect password [[ChromeDriver: chrome on WINDOWS (9de71967371b9ed7e85cd120bece3a22)] -> id: gss-signin-incorrect-email-or-password]<br>]]>
            </line>
          </reporter-output>
        </test-method> <!-- verifyErrorMessageIsDisplayed -->
        <test-method status="PASS" signature="tearDown()[pri:0, instance:co.uk.expedia.testsuite.LoginTest@646d64ab]" name="tearDown" is-config="true" duration-ms="0" started-at="2020-04-20T09:41:01 BST" finished-at="2020-04-20T09:41:01 BST">
          <reporter-output>
          </reporter-output>
        </test-method> <!-- tearDown -->
      </class> <!-- co.uk.expedia.testsuite.LoginTest -->
      <class name="co.uk.expedia.testsuite.FlightTest">
        <test-method status="PASS" signature="openBrowser()[pri:0, instance:co.uk.expedia.testsuite.FlightTest@1b68ddbd]" name="openBrowser" is-config="true" duration-ms="19766" started-at="2020-04-20T09:38:00 BST" finished-at="2020-04-20T09:38:20 BST">
          <reporter-output>
            <line>
              <![CDATA[Launching Chrome Browser]]>
            </line>
          </reporter-output>
        </test-method> <!-- openBrowser -->
        <test-method status="PASS" signature="setUpMethod()[pri:0, instance:co.uk.expedia.testsuite.FlightTest@1b68ddbd]" name="setUpMethod" is-config="true" duration-ms="91" started-at="2020-04-20T09:38:20 BST" finished-at="2020-04-20T09:38:20 BST">
          <reporter-output>
          </reporter-output>
        </test-method> <!-- setUpMethod -->
        <test-method status="PASS" signature="verifyThatSameDestinationFlightsInSearchFields()[pri:0, instance:co.uk.expedia.testsuite.FlightTest@1b68ddbd]" name="verifyThatSameDestinationFlightsInSearchFields" duration-ms="134277" started-at="2020-04-20T09:38:20 BST" finished-at="2020-04-20T09:40:35 BST">
          <reporter-output>
            <line>
              <![CDATA[Clicking on Accept Tab : [[ChromeDriver: chrome on WINDOWS (00d59c751133a6eb43f711c1a422e62b)] -> xpath: //span[@class='button-text']]<br>]]>
            </line>
            <line>
              <![CDATA[Clicking on Flights Tab : [[ChromeDriver: chrome on WINDOWS (00d59c751133a6eb43f711c1a422e62b)] -> xpath: //span[contains(text(),'Flights')]]<br>]]>
            </line>
            <line>
              <![CDATA[Entering Origin City : Delhi On Flying from field [[ChromeDriver: chrome on WINDOWS (00d59c751133a6eb43f711c1a422e62b)] -> xpath: //input[@id='flight-origin-hp-flight']]<br>]]>
            </line>
            <line>
              <![CDATA[Entering Destination City : Brisbane On Destination field [[ChromeDriver: chrome on WINDOWS (00d59c751133a6eb43f711c1a422e62b)] -> xpath: //input[@id='flight-origin-hp-flight']]<br>]]>
            </line>
            <line>
              <![CDATA[Entering Departure date : 07/05/2020 Departing Date [[ChromeDriver: chrome on WINDOWS (00d59c751133a6eb43f711c1a422e62b)] -> xpath: //input[@id='flight-departing-hp-flight']]<br>]]>
            </line>
            <line>
              <![CDATA[Entering Returning date : 21/05/2020 Returning Date [[ChromeDriver: chrome on WINDOWS (00d59c751133a6eb43f711c1a422e62b)] -> xpath: //input[@id='flight-returning-hp-flight']]<br>]]>
            </line>
            <line>
              <![CDATA[Clicking  on Travellers Button : [[ChromeDriver: chrome on WINDOWS (00d59c751133a6eb43f711c1a422e62b)] -> xpath: //div[@class='menu-bar gcw-travel-selector-wrapper']//button[@class='trigger-utility menu-trigger btn-utility btn-secondary dropdown-toggle theme-standard pin-left menu-arrow gcw-component gcw-traveler-amount-select gcw-component-initialized']]<br>]]>
            </line>
            <line>
              <![CDATA[Clicking  on No of Adults Button  : [[ChromeDriver: chrome on WINDOWS (00d59c751133a6eb43f711c1a422e62b)] -> xpath: //body[contains(@class,'')]/meso-native-marquee/section[@id='WizardHero']/div[@id='hero-banner']/div[contains(@class,'hero-banner-gradient native-marquee')]/div[contains(@class,'cols-row hero-banner-inner')]/section[@id='wizardSection']/div[contains(@class,'hero-banner-box siteId-3 cf hideClassicDcol')]/div[@id='wizard-tabs']/div[contains(@class,'tabs-container col')]/section[@id='section-flight-tab-hp']/form[@id='gcw-flights-form-hp-flight']/fieldset[contains(@class,'room-data')]/div[contains(@class,'cols-nested')]/div[contains(@class,'ab25184-traveler-wrapper-flight available-for-flights gcw-clear-both')]/div[@id='traveler-selector-hp-flight']/div[contains(@class,'menu-bar gcw-travel-selector-wrapper')]/ul[contains(@class,'menu-bar-inner')]/li[contains(@class,'open')]/div[contains(@class,'menu sticky gcw-menu')]/div[contains(@class,'menu-main')]/div[contains(@class,'traveler-selector-sinlge-room-data traveler-selector-room-data')]/div[contains(@class,'uitk-grid step-input-outside gcw-component gcw-component-step-input gcw-step-input gcw-component-initialized')]/div[contains(@class,'uitk-col all-col-shrink')]/button[contains(@class,'uitk-step-input-button uitk-step-input-plus')]/span[1]//*[local-name()='svg']]<br>]]>
            </line>
            <line>
              <![CDATA[Clicking  on Close Button  : [[ChromeDriver: chrome on WINDOWS (00d59c751133a6eb43f711c1a422e62b)] -> xpath: //li[contains(@class,'open')]//button[contains(@class,'close btn-text')]]<br>]]>
            </line>
            <line>
              <![CDATA[Clicking  on Seacrch Button   : [[ChromeDriver: chrome on WINDOWS (00d59c751133a6eb43f711c1a422e62b)] -> xpath: //form[@id='gcw-flights-form-hp-flight']//button[contains(@class,'btn-primary btn-action gcw-submit')]]<br>]]>
            </line>
            <line>
              <![CDATA[Verify Destination City Message  : [[ChromeDriver: chrome on WINDOWS (00d59c751133a6eb43f711c1a422e62b)] -> xpath: //span[@class='title-city-text']]<br>]]>
            </line>
          </reporter-output>
        </test-method> <!-- verifyThatSameDestinationFlightsInSearchFields -->
        <test-method status="PASS" signature="tearDown()[pri:0, instance:co.uk.expedia.testsuite.FlightTest@1b68ddbd]" name="tearDown" is-config="true" duration-ms="0" started-at="2020-04-20T09:40:35 BST" finished-at="2020-04-20T09:40:35 BST">
          <reporter-output>
          </reporter-output>
        </test-method> <!-- tearDown -->
      </class> <!-- co.uk.expedia.testsuite.FlightTest -->
    </test> <!-- Surefire test -->
  </suite> <!-- Surefire suite -->
</testng-results>
